<?xml version="1.0" encoding="UTF-8"?>
<!-- Generated by org.testng.reporters.JUnitXMLReporter -->
<testsuite hostname="zhaodong-PC" name="selenium.test" tests="3" failures="0" timestamp="16 Apr 2016 14:52:25 GMT" time="0.172" errors="0">
  <testcase name="baidu3" time="0.066" classname="com.zhaodong.pkg1.Test_2"/>
  <testcase name="baidu2" time="0.0" classname="com.zhaodong.pkg1.Test_2"/>
  <testcase name="baidu4" time="0.017" classname="com.zhaodong.pkg1.Test_2"/>
</testsuite> <!-- selenium.test -->
